  [1m[35m (207.0ms)[0m  [1m[35mCREATE DATABASE "rentals-app_development" ENCODING = 'unicode'[0m
  ↳ bin/rails:4
  [1m[35m (71.2ms)[0m  [1m[35mCREATE DATABASE "rentals-app_test" ENCODING = 'unicode'[0m
  ↳ bin/rails:4
  [1m[35m (23.4ms)[0m  [1m[35mCREATE TABLE "schema_migrations" ("version" character varying NOT NULL PRIMARY KEY)[0m
  ↳ bin/rails:4
  [1m[35m (7.1ms)[0m  [1m[35mCREATE TABLE "ar_internal_metadata" ("key" character varying NOT NULL PRIMARY KEY, "value" character varying, "created_at" timestamp NOT NULL, "updated_at" timestamp NOT NULL)[0m
  ↳ bin/rails:4
  [1m[35m (0.7ms)[0m  [1m[34mSELECT pg_try_advisory_lock(4448261239247367045)[0m
  ↳ bin/rails:4
  [1m[35m (3.1ms)[0m  [1m[34mSELECT "schema_migrations"."version" FROM "schema_migrations" ORDER BY "schema_migrations"."version" ASC[0m
  ↳ bin/rails:4
Migrating to CreateUsers (20220128115411)
  [1m[35m (0.2ms)[0m  [1m[35mBEGIN[0m
  ↳ bin/rails:4
  [1m[35m (11.7ms)[0m  [1m[35mCREATE TABLE "users" ("id" bigserial primary key, "username" character varying, "password_digest" text, "time_value" float, "created_at" timestamp NOT NULL, "updated_at" timestamp NOT NULL)[0m
  ↳ db/migrate/20220128115411_create_users.rb:3
  [1m[36mActiveRecord::SchemaMigration Create (0.3ms)[0m  [1m[32mINSERT INTO "schema_migrations" ("version") VALUES ($1) RETURNING "version"[0m  [["version", "20220128115411"]]
  ↳ bin/rails:4
  [1m[35m (0.3ms)[0m  [1m[35mCOMMIT[0m
  ↳ bin/rails:4
  [1m[36mActiveRecord::InternalMetadata Load (0.4ms)[0m  [1m[34mSELECT  "ar_internal_metadata".* FROM "ar_internal_metadata" WHERE "ar_internal_metadata"."key" = $1 LIMIT $2[0m  [["key", "environment"], ["LIMIT", 1]]
  ↳ bin/rails:4
  [1m[35m (1.1ms)[0m  [1m[35mBEGIN[0m
  ↳ bin/rails:4
  [1m[36mActiveRecord::InternalMetadata Create (3.1ms)[0m  [1m[32mINSERT INTO "ar_internal_metadata" ("key", "value", "created_at", "updated_at") VALUES ($1, $2, $3, $4) RETURNING "key"[0m  [["key", "environment"], ["value", "development"], ["created_at", "2022-01-28 11:55:51.766264"], ["updated_at", "2022-01-28 11:55:51.766264"]]
  ↳ bin/rails:4
  [1m[35m (0.3ms)[0m  [1m[35mCOMMIT[0m
  ↳ bin/rails:4
  [1m[35m (0.2ms)[0m  [1m[34mSELECT pg_advisory_unlock(4448261239247367045)[0m
  ↳ bin/rails:4
  [1m[35m (0.3ms)[0m  [1m[34mSELECT "schema_migrations"."version" FROM "schema_migrations" ORDER BY "schema_migrations"."version" ASC[0m
  ↳ bin/rails:4
  [1m[35m (2.1ms)[0m  [1m[34mSELECT "schema_migrations"."version" FROM "schema_migrations" ORDER BY "schema_migrations"."version" ASC[0m
  ↳ bin/rails:4
  [1m[35m (0.2ms)[0m  [1m[34mSELECT pg_try_advisory_lock(4448261239247367045)[0m
  ↳ bin/rails:4
  [1m[35m (1.7ms)[0m  [1m[34mSELECT "schema_migrations"."version" FROM "schema_migrations" ORDER BY "schema_migrations"."version" ASC[0m
  ↳ bin/rails:4
Migrating to CreateRentals (20220128115908)
  [1m[35m (0.1ms)[0m  [1m[35mBEGIN[0m
  ↳ bin/rails:4
  [1m[35m (12.3ms)[0m  [1m[35mCREATE TABLE "rentals" ("id" bigserial primary key, "street_address" text, "suburb" character varying, "price" float, "image" text, "created_at" timestamp NOT NULL, "updated_at" timestamp NOT NULL)[0m
  ↳ db/migrate/20220128115908_create_rentals.rb:3
  [1m[36mActiveRecord::SchemaMigration Create (0.6ms)[0m  [1m[32mINSERT INTO "schema_migrations" ("version") VALUES ($1) RETURNING "version"[0m  [["version", "20220128115908"]]
  ↳ bin/rails:4
  [1m[35m (0.6ms)[0m  [1m[35mCOMMIT[0m
  ↳ bin/rails:4
  [1m[36mActiveRecord::InternalMetadata Load (0.7ms)[0m  [1m[34mSELECT  "ar_internal_metadata".* FROM "ar_internal_metadata" WHERE "ar_internal_metadata"."key" = $1 LIMIT $2[0m  [["key", "environment"], ["LIMIT", 1]]
  ↳ bin/rails:4
  [1m[35m (0.2ms)[0m  [1m[35mBEGIN[0m
  ↳ bin/rails:4
  [1m[35m (0.1ms)[0m  [1m[35mCOMMIT[0m
  ↳ bin/rails:4
  [1m[35m (0.3ms)[0m  [1m[34mSELECT pg_advisory_unlock(4448261239247367045)[0m
  ↳ bin/rails:4
  [1m[35m (0.3ms)[0m  [1m[34mSELECT "schema_migrations"."version" FROM "schema_migrations" ORDER BY "schema_migrations"."version" ASC[0m
  ↳ bin/rails:4
  [1m[35m (1.5ms)[0m  [1m[34mSELECT "schema_migrations"."version" FROM "schema_migrations" ORDER BY "schema_migrations"."version" ASC[0m
  ↳ bin/rails:4
  [1m[35m (3.0ms)[0m  [1m[34mSELECT "schema_migrations"."version" FROM "schema_migrations" ORDER BY "schema_migrations"."version" ASC[0m
  ↳ bin/rails:4
  [1m[35m (0.3ms)[0m  [1m[34mSELECT pg_try_advisory_lock(4448261239247367045)[0m
  ↳ bin/rails:4
  [1m[35m (2.2ms)[0m  [1m[34mSELECT "schema_migrations"."version" FROM "schema_migrations" ORDER BY "schema_migrations"."version" ASC[0m
  ↳ bin/rails:4
Migrating to CreateRentalsUsers (20220128120724)
  [1m[35m (0.2ms)[0m  [1m[35mBEGIN[0m
  ↳ bin/rails:4
  [1m[35m (14.6ms)[0m  [1m[35mCREATE TABLE "rentals_users" ("id" bigserial primary key, "rental_id" integer, "user_id" integer)[0m
  ↳ db/migrate/20220128120724_create_rentals_users.rb:3
  [1m[36mActiveRecord::SchemaMigration Create (0.5ms)[0m  [1m[32mINSERT INTO "schema_migrations" ("version") VALUES ($1) RETURNING "version"[0m  [["version", "20220128120724"]]
  ↳ bin/rails:4
  [1m[35m (2.2ms)[0m  [1m[35mCOMMIT[0m
  ↳ bin/rails:4
  [1m[36mActiveRecord::InternalMetadata Load (1.6ms)[0m  [1m[34mSELECT  "ar_internal_metadata".* FROM "ar_internal_metadata" WHERE "ar_internal_metadata"."key" = $1 LIMIT $2[0m  [["key", "environment"], ["LIMIT", 1]]
  ↳ bin/rails:4
  [1m[35m (0.2ms)[0m  [1m[35mBEGIN[0m
  ↳ bin/rails:4
  [1m[35m (0.2ms)[0m  [1m[35mCOMMIT[0m
  ↳ bin/rails:4
  [1m[35m (0.4ms)[0m  [1m[34mSELECT pg_advisory_unlock(4448261239247367045)[0m
  ↳ bin/rails:4
  [1m[35m (0.4ms)[0m  [1m[34mSELECT "schema_migrations"."version" FROM "schema_migrations" ORDER BY "schema_migrations"."version" ASC[0m
  ↳ bin/rails:4
